[ 2025-07-18 16:38:08,206 ] 45 root - INFO - Entered the data ingestion method/component
[ 2025-07-18 16:38:08,209 ] 52 root - INFO - Read the dataset as dataframe
[ 2025-07-18 16:38:08,212 ] 61 root - INFO - Train-test split initiated
[ 2025-07-18 16:38:08,217 ] 73 root - INFO - Ingestion of the data is completed
[ 2025-07-18 16:38:08,240 ] 89 root - INFO - read train and test complted
[ 2025-07-18 16:38:08,240 ] 100 root - INFO - remove outliers
[ 2025-07-18 16:38:08,256 ] 121 root - INFO - Obtaining preprocessing object
[ 2025-07-18 16:38:08,256 ] 69 root - INFO - Numerical columns: ['Pregnancies', 'Glucose', 'BloodPressure', 'SkinThickness', 'Insulin', 'BMI', 'DiabetesPedigreeFunction', 'Age']
[ 2025-07-18 16:38:08,266 ] 124 root - INFO - Applying preprocessing object on training and testing dataframes.
[ 2025-07-18 16:38:08,886 ] 141 root - INFO - QQ plot saved: artifacts\qqplot_feature_0.png
[ 2025-07-18 16:38:09,001 ] 141 root - INFO - QQ plot saved: artifacts\qqplot_feature_1.png
[ 2025-07-18 16:38:09,097 ] 141 root - INFO - QQ plot saved: artifacts\qqplot_feature_2.png
[ 2025-07-18 16:38:09,097 ] 144 root - INFO - Applying SMOTE on the training data.
[ 2025-07-18 16:38:09,101 ] 151 root - INFO - Original training data shape: (505, 8), (505,)
[ 2025-07-18 16:38:09,101 ] 152 root - INFO - Resampled training data shape: (692, 8), (692,)
[ 2025-07-18 16:38:09,101 ] 160 root - INFO - Saved preprocessing object.
[ 2025-07-18 16:38:09,101 ] 30 root - INFO - Splitting training and test input data
[ 2025-07-18 16:38:28,963 ] 106 root - INFO - Model evaluation report: {'Logistic Regression': 0.6904761904761905, 'Random Forest': 0.7380952380952381, 'Decision Tree': 0.7380952380952381, 'Gradient Boosting': 0.6746031746031746, 'XGBoost': 0.6984126984126984, 'CatBoost': 0.6904761904761905, 'AdaBoost': 0.7698412698412699, 'K-Nearest Neighbors': 0.746031746031746}
[ 2025-07-18 16:38:28,963 ] 117 root - INFO - Best model: AdaBoost with score: 0.7698412698412699
[ 2025-07-18 16:38:29,132 ] 141 root - INFO - Residual QQ plot saved at: artifacts\qqplot_residuals.png
