[ 2025-07-18 17:38:21,818 ] 45 root - INFO - Entered the data ingestion method/component
[ 2025-07-18 17:38:21,821 ] 52 root - INFO - Read the dataset as dataframe
[ 2025-07-18 17:38:21,825 ] 61 root - INFO - Train-test split initiated
[ 2025-07-18 17:38:21,830 ] 73 root - INFO - Ingestion of the data is completed
[ 2025-07-18 17:38:21,852 ] 90 root - INFO - read train and test complted
[ 2025-07-18 17:38:21,852 ] 101 root - INFO - remove outliers
[ 2025-07-18 17:38:21,868 ] 122 root - INFO - Obtaining preprocessing object
[ 2025-07-18 17:38:21,868 ] 70 root - INFO - Numerical columns: ['Pregnancies', 'Glucose', 'BloodPressure', 'SkinThickness', 'Insulin', 'BMI', 'DiabetesPedigreeFunction', 'Age']
[ 2025-07-18 17:38:21,877 ] 125 root - INFO - Applying preprocessing object on training and testing dataframes.
[ 2025-07-18 17:38:22,451 ] 142 root - INFO - QQ plot saved: artifacts\qqplot_feature_0.png
[ 2025-07-18 17:38:22,563 ] 142 root - INFO - QQ plot saved: artifacts\qqplot_feature_1.png
[ 2025-07-18 17:38:22,664 ] 142 root - INFO - QQ plot saved: artifacts\qqplot_feature_2.png
[ 2025-07-18 17:38:22,664 ] 145 root - INFO - Applying SMOTE on the training data.
[ 2025-07-18 17:38:22,667 ] 152 root - INFO - Original training data shape: (505, 8), (505,)
[ 2025-07-18 17:38:22,667 ] 153 root - INFO - Resampled training data shape: (692, 8), (692,)
[ 2025-07-18 17:38:22,667 ] 161 root - INFO - Saved preprocessing object.
[ 2025-07-18 17:38:22,668 ] 30 root - INFO - Splitting training and test input data
[ 2025-07-18 17:38:56,192 ] 106 root - INFO - Model evaluation report: {'Logistic Regression': 0.746031746031746, 'Random Forest': 0.7301587301587301, 'Decision Tree': 0.7857142857142857, 'Gradient Boosting': 0.7142857142857143, 'XGBoost': 0.7619047619047619, 'CatBoost': 0.746031746031746, 'AdaBoost': 0.8015873015873016, 'K-Nearest Neighbors': 0.7063492063492064}
[ 2025-07-18 17:38:56,192 ] 117 root - INFO - Best model: AdaBoost with score: 0.8015873015873016
[ 2025-07-18 17:38:56,353 ] 141 root - INFO - Residual QQ plot saved at: artifacts\qqplot_residuals.png
