[ 2025-07-18 17:17:58,065 ] 45 root - INFO - Entered the data ingestion method/component
[ 2025-07-18 17:17:58,068 ] 52 root - INFO - Read the dataset as dataframe
[ 2025-07-18 17:17:58,072 ] 61 root - INFO - Train-test split initiated
[ 2025-07-18 17:17:58,076 ] 73 root - INFO - Ingestion of the data is completed
[ 2025-07-18 17:17:58,105 ] 90 root - INFO - read train and test complted
[ 2025-07-18 17:17:58,105 ] 101 root - INFO - remove outliers
[ 2025-07-18 17:17:58,121 ] 122 root - INFO - Obtaining preprocessing object
[ 2025-07-18 17:17:58,121 ] 70 root - INFO - Numerical columns: ['Pregnancies', 'Glucose', 'BloodPressure', 'SkinThickness', 'Insulin', 'BMI', 'DiabetesPedigreeFunction', 'Age']
[ 2025-07-18 17:17:58,122 ] 125 root - INFO - Applying preprocessing object on training and testing dataframes.
[ 2025-07-18 17:17:58,704 ] 142 root - INFO - QQ plot saved: artifacts\qqplot_feature_0.png
[ 2025-07-18 17:17:58,812 ] 142 root - INFO - QQ plot saved: artifacts\qqplot_feature_1.png
[ 2025-07-18 17:17:58,918 ] 142 root - INFO - QQ plot saved: artifacts\qqplot_feature_2.png
[ 2025-07-18 17:17:58,918 ] 145 root - INFO - Applying SMOTE on the training data.
[ 2025-07-18 17:17:58,923 ] 152 root - INFO - Original training data shape: (505, 8), (505,)
[ 2025-07-18 17:17:58,923 ] 153 root - INFO - Resampled training data shape: (692, 8), (692,)
[ 2025-07-18 17:17:58,923 ] 161 root - INFO - Saved preprocessing object.
[ 2025-07-18 17:17:58,924 ] 30 root - INFO - Splitting training and test input data
[ 2025-07-18 17:18:22,586 ] 106 root - INFO - Model evaluation report: {'Logistic Regression': 0.746031746031746, 'Random Forest': 0.746031746031746, 'Decision Tree': 0.8015873015873016, 'Gradient Boosting': 0.6984126984126984, 'XGBoost': 0.7619047619047619, 'CatBoost': 0.746031746031746, 'AdaBoost': 0.8015873015873016, 'K-Nearest Neighbors': 0.7063492063492064}
[ 2025-07-18 17:18:22,587 ] 117 root - INFO - Best model: Decision Tree with score: 0.8015873015873016
[ 2025-07-18 17:18:22,734 ] 141 root - INFO - Residual QQ plot saved at: artifacts\qqplot_residuals.png
